<?xml version="1.0" encoding="UTF-8" ?>
<testsuite tests="64" failures="0" name="cucumberOptions.TestRunner" time="0.024" errors="0" skipped="0">
  <properties>
    <property name="java.runtime.name" value="Java(TM) SE Runtime Environment"/>
    <property name="sun.boot.library.path" value="C:\Program Files\Java\jdk1.8.0_144\jre\bin"/>
    <property name="java.vm.version" value="25.144-b01"/>
    <property name="java.vm.vendor" value="Oracle Corporation"/>
    <property name="maven.multiModuleProjectDirectory" value="C:\Users\vivek\.jenkins\Automation"/>
    <property name="java.vendor.url" value="http://java.oracle.com/"/>
    <property name="path.separator" value=";"/>
    <property name="guice.disable.misplaced.annotation.check" value="true"/>
    <property name="java.vm.name" value="Java HotSpot(TM) 64-Bit Server VM"/>
    <property name="file.encoding.pkg" value="sun.io"/>
    <property name="user.script" value=""/>
    <property name="user.country" value="US"/>
    <property name="sun.java.launcher" value="SUN_STANDARD"/>
    <property name="sun.os.patch.level" value=""/>
    <property name="java.vm.specification.name" value="Java Virtual Machine Specification"/>
    <property name="user.dir" value="C:\Users\vivek\.jenkins\Automation"/>
    <property name="java.runtime.version" value="1.8.0_144-b01"/>
    <property name="java.awt.graphicsenv" value="sun.awt.Win32GraphicsEnvironment"/>
    <property name="java.endorsed.dirs" value="C:\Program Files\Java\jdk1.8.0_144\jre\lib\endorsed"/>
    <property name="os.arch" value="amd64"/>
    <property name="java.io.tmpdir" value="C:\Users\vivek\AppData\Local\Temp\"/>
    <property name="line.separator" value="
"/>
    <property name="java.vm.specification.vendor" value="Oracle Corporation"/>
    <property name="user.variant" value=""/>
    <property name="os.name" value="Windows 10"/>
    <property name="classworlds.conf" value="C:\Selenium\apache-maven-3.5.0\bin\..\bin\m2.conf"/>
    <property name="sun.jnu.encoding" value="Cp1252"/>
    <property name="java.library.path" value="C:\Program Files\Java\jdk1.8.0_144\bin;C:\WINDOWS\Sun\Java\bin;C:\WINDOWS\system32;C:\WINDOWS;C:\Selenium\apache-maven-3.5.0/bin;C:\Program Files\Java\jdk1.8.0_144/bin;C:\Program Files\Java\jdk1.8.0_144/bin;C:\Program Files\Microsoft MPI\Bin\;C:\ProgramData\Oracle\Java\javapath;C:\Program Files (x86)\Intel\iCLS Client\;C:\Program Files\Intel\iCLS Client\;C:\WINDOWS\system32;C:\WINDOWS;C:\WINDOWS\System32\Wbem;C:\WINDOWS\System32\WindowsPowerShell\v1.0\;C:\Program Files (x86)\Intel\Intel(R) Management Engine Components\DAL;C:\Program Files\Intel\Intel(R) Management Engine Components\DAL;C:\Program Files (x86)\Intel\Intel(R) Management Engine Components\IPT;C:\Program Files\Intel\Intel(R) Management Engine Components\IPT;C:\Program Files\Intel\WiFi\bin\;C:\Program Files\Common Files\Intel\WirelessCommon\;C:\Selenium\apache-maven-3.5.0\bin;C:\Program Files\Microsoft SQL Server\130\Tools\Binn\;C:\Program Files\Anaconda3;C:\Program Files\Anaconda3\Scripts;C:\Program Files\Anaconda3\Library\bin;C:\Program Files\MySQL\MySQL Utilities 1.6\;C:\axis2-1.6.2\axis2-1.6.2\bin;C:\Program Files\Java\jdk1.8.0_144\bin;C:\Users\vivek\AppData\Local\Microsoft\WindowsApps;;."/>
    <property name="maven.conf" value="C:\Selenium\apache-maven-3.5.0\bin\../conf"/>
    <property name="java.specification.name" value="Java Platform API Specification"/>
    <property name="java.class.version" value="52.0"/>
    <property name="sun.management.compiler" value="HotSpot 64-Bit Tiered Compilers"/>
    <property name="os.version" value="10.0"/>
    <property name="library.jansi.path" value="C:\Selenium\apache-maven-3.5.0\bin\..\lib\jansi-native\windows64"/>
    <property name="user.home" value="C:\Users\vivek"/>
    <property name="user.timezone" value="America/New_York"/>
    <property name="java.awt.printerjob" value="sun.awt.windows.WPrinterJob"/>
    <property name="java.specification.version" value="1.8"/>
    <property name="file.encoding" value="Cp1252"/>
    <property name="user.name" value="vivek"/>
    <property name="java.class.path" value="C:\Selenium\apache-maven-3.5.0\bin\..\boot\plexus-classworlds-2.5.2.jar"/>
    <property name="java.vm.specification.version" value="1.8"/>
    <property name="sun.arch.data.model" value="64"/>
    <property name="java.home" value="C:\Program Files\Java\jdk1.8.0_144\jre"/>
    <property name="sun.java.command" value="org.codehaus.plexus.classworlds.launcher.Launcher test"/>
    <property name="java.specification.vendor" value="Oracle Corporation"/>
    <property name="user.language" value="en"/>
    <property name="awt.toolkit" value="sun.awt.windows.WToolkit"/>
    <property name="java.vm.info" value="mixed mode"/>
    <property name="java.version" value="1.8.0_144"/>
    <property name="java.ext.dirs" value="C:\Program Files\Java\jdk1.8.0_144\jre\lib\ext;C:\WINDOWS\Sun\Java\lib\ext"/>
    <property name="sun.boot.class.path" value="C:\Program Files\Java\jdk1.8.0_144\jre\lib\resources.jar;C:\Program Files\Java\jdk1.8.0_144\jre\lib\rt.jar;C:\Program Files\Java\jdk1.8.0_144\jre\lib\sunrsasign.jar;C:\Program Files\Java\jdk1.8.0_144\jre\lib\jsse.jar;C:\Program Files\Java\jdk1.8.0_144\jre\lib\jce.jar;C:\Program Files\Java\jdk1.8.0_144\jre\lib\charsets.jar;C:\Program Files\Java\jdk1.8.0_144\jre\lib\jfr.jar;C:\Program Files\Java\jdk1.8.0_144\jre\classes"/>
    <property name="java.vendor" value="Oracle Corporation"/>
    <property name="maven.home" value="C:\Selenium\apache-maven-3.5.0\bin\.."/>
    <property name="file.separator" value="\"/>
    <property name="java.vendor.url.bug" value="http://bugreport.sun.com/bugreport/"/>
    <property name="sun.cpu.endian" value="little"/>
    <property name="sun.io.unicode.encoding" value="UnicodeLittle"/>
    <property name="sun.desktop" value="windows"/>
    <property name="sun.cpu.isalist" value="amd64"/>
  </properties>
  <testcase classname="Scenario: Homepage default Login" name="Given Validate the browser" time="0"/>
  <testcase classname="Scenario: Homepage default Login" name="When Brower is triggred" time="0"/>
  <testcase classname="Scenario: Homepage default Login" name="Then Check if browser is started" time="0"/>
  <testcase classname="Scenario: Homepage default Login" name="Given User is on Bank Login Page" time="0.001"/>
  <testcase classname="Scenario: Homepage default Login" name="When User is login with correct Username &quot;john&quot; and password &quot;1234&quot;" time="0"/>
  <testcase classname="Scenario: Homepage default Login" name="Then Homepage is populated" time="0"/>
  <testcase classname="Scenario: Homepage default Login" name="And Cards displayed are &quot;true&quot;" time="0"/>
  <testcase classname="Scenario: Homepage default Login" name="Scenario: Homepage default Login" time="0.002"/>
  <testcase classname="Scenario: Homepage default Login" name="Given Validate the browser" time="0"/>
  <testcase classname="Scenario: Homepage default Login" name="When Brower is triggred" time="0"/>
  <testcase classname="Scenario: Homepage default Login" name="Then Check if browser is started" time="0"/>
  <testcase classname="Scenario: Homepage default Login" name="Given User is on Bank Login Page" time="0"/>
  <testcase classname="Scenario: Homepage default Login" name="When User is login with correct Username &quot;John&quot; and password &quot;Doe&quot;" time="0"/>
  <testcase classname="Scenario: Homepage default Login" name="Then Homepage is populated" time="0"/>
  <testcase classname="Scenario: Homepage default Login" name="And Cards displayed are &quot;false&quot;" time="0"/>
  <testcase classname="Scenario: Homepage default Login" name="Scenario: Homepage default Login" time="0.001"/>
  <testcase classname="Scenario: Homepage default Login" name="Given Validate the browser" time="0"/>
  <testcase classname="Scenario: Homepage default Login" name="When Brower is triggred" time="0.001"/>
  <testcase classname="Scenario: Homepage default Login" name="Then Check if browser is started" time="0"/>
  <testcase classname="Scenario: Homepage default Login" name="Given User is on Bank Login Page" time="0"/>
  <testcase classname="Scenario: Homepage default Login" name="When User is Signup with following details" time="0"/>
  <testcase classname="Scenario: Homepage default Login" name="Then Homepage is populated" time="0"/>
  <testcase classname="Scenario: Homepage default Login" name="And Cards displayed are &quot;false&quot;" time="0"/>
  <testcase classname="Scenario: Homepage default Login" name="Scenario: Homepage default Login" time="0.001"/>
  <testcase classname="| user1 | pass1 |" name="Given Validate the browser" time="0"/>
  <testcase classname="| user1 | pass1 |" name="When Brower is triggred" time="0"/>
  <testcase classname="| user1 | pass1 |" name="Then Check if browser is started" time="0"/>
  <testcase classname="| user1 | pass1 |" name="Given User is on Bank Login Page" time="0"/>
  <testcase classname="| user1 | pass1 |" name="When User is login with username user1 and pswd pass1" time="0"/>
  <testcase classname="| user1 | pass1 |" name="Then Homepage is populated" time="0.002"/>
  <testcase classname="| user1 | pass1 |" name="And Cards displayed are &quot;true&quot;" time="0"/>
  <testcase classname="| user1 | pass1 |" name="| user1 | pass1 |" time="0.002"/>
  <testcase classname="| user2 | pass2 |" name="Given Validate the browser" time="0"/>
  <testcase classname="| user2 | pass2 |" name="When Brower is triggred" time="0"/>
  <testcase classname="| user2 | pass2 |" name="Then Check if browser is started" time="0"/>
  <testcase classname="| user2 | pass2 |" name="Given User is on Bank Login Page" time="0"/>
  <testcase classname="| user2 | pass2 |" name="When User is login with username user2 and pswd pass2" time="0"/>
  <testcase classname="| user2 | pass2 |" name="Then Homepage is populated" time="0.001"/>
  <testcase classname="| user2 | pass2 |" name="And Cards displayed are &quot;true&quot;" time="0"/>
  <testcase classname="| user2 | pass2 |" name="| user2 | pass2 |" time="0.001"/>
  <testcase classname="| user3 | pass3 |" name="Given Validate the browser" time="0"/>
  <testcase classname="| user3 | pass3 |" name="When Brower is triggred" time="0"/>
  <testcase classname="| user3 | pass3 |" name="Then Check if browser is started" time="0.001"/>
  <testcase classname="| user3 | pass3 |" name="Given User is on Bank Login Page" time="0"/>
  <testcase classname="| user3 | pass3 |" name="When User is login with username user3 and pswd pass3" time="0"/>
  <testcase classname="| user3 | pass3 |" name="Then Homepage is populated" time="0"/>
  <testcase classname="| user3 | pass3 |" name="And Cards displayed are &quot;true&quot;" time="0"/>
  <testcase classname="| user3 | pass3 |" name="| user3 | pass3 |" time="0.001"/>
  <testcase classname="| user4 | pass4 |" name="Given Validate the browser" time="0"/>
  <testcase classname="| user4 | pass4 |" name="When Brower is triggred" time="0"/>
  <testcase classname="| user4 | pass4 |" name="Then Check if browser is started" time="0"/>
  <testcase classname="| user4 | pass4 |" name="Given User is on Bank Login Page" time="0.003"/>
  <testcase classname="| user4 | pass4 |" name="When User is login with username user4 and pswd pass4" time="0"/>
  <testcase classname="| user4 | pass4 |" name="Then Homepage is populated" time="0.001"/>
  <testcase classname="| user4 | pass4 |" name="And Cards displayed are &quot;true&quot;" time="0.001"/>
  <testcase classname="| user4 | pass4 |" name="| user4 | pass4 |" time="0.001"/>
  <testcase classname="| user5 | pass5 |" name="Given Validate the browser" time="0"/>
  <testcase classname="| user5 | pass5 |" name="When Brower is triggred" time="0"/>
  <testcase classname="| user5 | pass5 |" name="Then Check if browser is started" time="0"/>
  <testcase classname="| user5 | pass5 |" name="Given User is on Bank Login Page" time="0.002"/>
  <testcase classname="| user5 | pass5 |" name="When User is login with username user5 and pswd pass5" time="0.001"/>
  <testcase classname="| user5 | pass5 |" name="Then Homepage is populated" time="0"/>
  <testcase classname="| user5 | pass5 |" name="And Cards displayed are &quot;true&quot;" time="0"/>
  <testcase classname="| user5 | pass5 |" name="| user5 | pass5 |" time="0.001"/>
</testsuite>